Using pre-set license
Built from '2020.2/release' branch; Version is '2020.2.1f1 (270dd8c3da1c) revision 2559448'; Using compiler version '192528614'; Build Type 'Release'
OS: 'Windows 10  (10.0.0) 64bit' Language: 'en' Physical Memory: 16244 MB
BatchMode: 1, IsHumanControllingUs: 0, StartBugReporterOnCrash: 0, Is64bit: 1, IsPro: 0

 COMMAND LINE ARGUMENTS:
D:\Unity Versions\2020.2.1f1\Editor\Unity.exe
-adb2
-batchMode
-noUpm
-name
AssetImportWorker0
-projectPath
D:/GitHub/Invadim
-logFile
Logs/AssetImportWorker0.log
-srvPort
24482
Successfully changed project path to: D:/GitHub/Invadim
D:/GitHub/Invadim
Using Asset Import Pipeline V2.
Refreshing native plugins compatible for Editor in 39.78 ms, found 1 plugins.
Preloading 0 native plugins for Editor in 0.00 ms.
Initialize engine version: 2020.2.1f1 (270dd8c3da1c)
[Subsystems] Discovering subsystems at path D:/Unity Versions/2020.2.1f1/Editor/Data/Resources/UnitySubsystems
[Subsystems] Discovering subsystems at path D:/GitHub/Invadim/Assets
GfxDevice: creating device client; threaded=0
Direct3D:
    Version:  Direct3D 11.0 [level 11.1]
    Renderer: NVIDIA GeForce GTX 1060 (ID=0x1c20)
    Vendor:   
    VRAM:     6052 MB
    Driver:   27.21.14.6089
Initialize mono
Mono path[0] = 'D:/Unity Versions/2020.2.1f1/Editor/Data/Managed'
Mono path[1] = 'D:/Unity Versions/2020.2.1f1/Editor/Data/MonoBleedingEdge/lib/mono/unityjit'
Mono config path = 'D:/Unity Versions/2020.2.1f1/Editor/Data/MonoBleedingEdge/etc'
Using monoOptions --debugger-agent=transport=dt_socket,embedding=1,server=y,suspend=n,address=127.0.0.1:56620
Begin MonoManager ReloadAssembly
Registering precompiled unity dll's ...
Register platform support module: D:/Unity Versions/2020.2.1f1/Editor/Data/PlaybackEngines/WindowsStandaloneSupport/UnityEditor.WindowsStandalone.Extensions.dll
Registered in 0.000912 seconds.
Native extension for WindowsStandalone target not found
Refreshing native plugins compatible for Editor in 49.09 ms, found 1 plugins.
Preloading 0 native plugins for Editor in 0.00 ms.
Invoked RoslynAnalysisRunner static constructor.
RoslynAnalysisRunner will not be running.
RoslynAnalysisRunner has terminated.
Mono: successfully reloaded assembly
- Completed reload, in  1.041 seconds
Platform modules already initialized, skipping
Registering precompiled user dll's ...
Registered in 0.001188 seconds.
Begin MonoManager ReloadAssembly
Native extension for WindowsStandalone target not found
Refreshing native plugins compatible for Editor in 42.69 ms, found 1 plugins.
Preloading 0 native plugins for Editor in 0.00 ms.
Invoked RoslynAnalysisRunner static constructor.
RoslynAnalysisRunner will not be running.
RoslynAnalysisRunner has terminated.
Mono: successfully reloaded assembly
- Completed reload, in  1.001 seconds
Platform modules already initialized, skipping
========================================================================
Worker process is ready to serve import requests
Launched and connected shader compiler UnityShaderCompiler.exe after 0.06 seconds
Refreshing native plugins compatible for Editor in 0.34 ms, found 1 plugins.
Preloading 0 native plugins for Editor in 0.00 ms.
Unloading 1788 Unused Serialized files (Serialized files now loaded: 0)
System memory in use before: 83.5 MB.
System memory in use after: 83.5 MB.

Unloading 24 unused Assets to reduce memory usage. Loaded Objects now: 2227.
Total: 2.429300 ms (FindLiveObjects: 0.241800 ms CreateObjectMapping: 0.093600 ms MarkObjects: 1.976900 ms  DeleteObjects: 0.115500 ms)

========================================================================
Received Import Request.
  path: Assets/Vadim.cs
  artifactKey: Guid(1c157e763516a114fbf9716a44b80506) Importer(815301076,1909f56bfc062723c751e8b465ee728b)
Start importing Assets/Vadim.cs using Guid(1c157e763516a114fbf9716a44b80506) Importer(815301076,1909f56bfc062723c751e8b465ee728b)  -> (artifact id: '0efeb5ec6bb7d46a09ed542efdb8b0a8') in 0.047161 seconds
  Import took 0.283282 seconds .

========================================================================
Received Prepare
Registering precompiled user dll's ...
Registered in 0.001047 seconds.
Begin MonoManager ReloadAssembly
Native extension for WindowsStandalone target not found
Refreshing native plugins compatible for Editor in 0.35 ms, found 1 plugins.
Preloading 0 native plugins for Editor in 0.00 ms.
Invoked RoslynAnalysisRunner static constructor.
RoslynAnalysisRunner will not be running.
RoslynAnalysisRunner has terminated.
Mono: successfully reloaded assembly
- Completed reload, in  0.920 seconds
Platform modules already initialized, skipping
Refreshing native plugins compatible for Editor in 0.51 ms, found 1 plugins.
Preloading 0 native plugins for Editor in 0.00 ms.
Unloading 1783 Unused Serialized files (Serialized files now loaded: 0)
System memory in use before: 83.6 MB.
System memory in use after: 83.6 MB.

Unloading 12 unused Assets to reduce memory usage. Loaded Objects now: 2230.
Total: 2.484400 ms (FindLiveObjects: 0.232800 ms CreateObjectMapping: 0.087500 ms MarkObjects: 2.001200 ms  DeleteObjects: 0.161700 ms)

========================================================================
Received Import Request.
  Time since last request: 29.517311 seconds.
  path: Assets/Shooting.cs
  artifactKey: Guid(6e988b00aa844f348bf62b9aa5eb366f) Importer(815301076,1909f56bfc062723c751e8b465ee728b)
Start importing Assets/Shooting.cs using Guid(6e988b00aa844f348bf62b9aa5eb366f) Importer(815301076,1909f56bfc062723c751e8b465ee728b)  -> (artifact id: '409ce4fadc5baf40c9efd67a70ae9fa2') in 0.012422 seconds
  Import took 0.310429 seconds .

========================================================================
Received Prepare
Registering precompiled user dll's ...
Registered in 0.001019 seconds.
Begin MonoManager ReloadAssembly
Native extension for WindowsStandalone target not found
Refreshing native plugins compatible for Editor in 0.38 ms, found 1 plugins.
Preloading 0 native plugins for Editor in 0.00 ms.
Invoked RoslynAnalysisRunner static constructor.
RoslynAnalysisRunner will not be running.
RoslynAnalysisRunner has terminated.
Mono: successfully reloaded assembly
- Completed reload, in  0.911 seconds
Platform modules already initialized, skipping
Refreshing native plugins compatible for Editor in 0.32 ms, found 1 plugins.
Preloading 0 native plugins for Editor in 0.00 ms.
Unloading 1784 Unused Serialized files (Serialized files now loaded: 0)
System memory in use before: 83.7 MB.
System memory in use after: 83.7 MB.

Unloading 12 unused Assets to reduce memory usage. Loaded Objects now: 2234.
Total: 3.203500 ms (FindLiveObjects: 0.431100 ms CreateObjectMapping: 0.091500 ms MarkObjects: 2.535100 ms  DeleteObjects: 0.144200 ms)

========================================================================
Received Import Request.
  Time since last request: 9.584356 seconds.
  path: Assets/Bullet.cs
  artifactKey: Guid(62fdb4ec8fd1f9d45a9eeb94260f6d89) Importer(815301076,1909f56bfc062723c751e8b465ee728b)
Start importing Assets/Bullet.cs using Guid(62fdb4ec8fd1f9d45a9eeb94260f6d89) Importer(815301076,1909f56bfc062723c751e8b465ee728b)  -> (artifact id: '1bffd62effd455d57eedb99f0d7b5b73') in 0.011542 seconds
  Import took 0.605584 seconds .

========================================================================
Received Prepare
Registering precompiled user dll's ...
Registered in 0.001164 seconds.
Begin MonoManager ReloadAssembly
Native extension for WindowsStandalone target not found
Refreshing native plugins compatible for Editor in 0.43 ms, found 1 plugins.
Preloading 0 native plugins for Editor in 0.00 ms.
Invoked RoslynAnalysisRunner static constructor.
RoslynAnalysisRunner will not be running.
RoslynAnalysisRunner has terminated.
Mono: successfully reloaded assembly
- Completed reload, in  0.893 seconds
Platform modules already initialized, skipping
Refreshing native plugins compatible for Editor in 0.35 ms, found 1 plugins.
Preloading 0 native plugins for Editor in 0.00 ms.
Unloading 1785 Unused Serialized files (Serialized files now loaded: 0)
System memory in use before: 83.8 MB.
System memory in use after: 83.8 MB.

Unloading 12 unused Assets to reduce memory usage. Loaded Objects now: 2238.
Total: 2.237900 ms (FindLiveObjects: 0.186200 ms CreateObjectMapping: 0.068200 ms MarkObjects: 1.836500 ms  DeleteObjects: 0.146000 ms)

========================================================================
Received Prepare
Registering precompiled user dll's ...
Registered in 0.000785 seconds.
Begin MonoManager ReloadAssembly
Native extension for WindowsStandalone target not found
Refreshing native plugins compatible for Editor in 0.33 ms, found 1 plugins.
Preloading 0 native plugins for Editor in 0.00 ms.
Invoked RoslynAnalysisRunner static constructor.
RoslynAnalysisRunner will not be running.
RoslynAnalysisRunner has terminated.
Mono: successfully reloaded assembly
- Completed reload, in  1.079 seconds
Platform modules already initialized, skipping
Refreshing native plugins compatible for Editor in 0.33 ms, found 1 plugins.
Preloading 0 native plugins for Editor in 0.00 ms.
Unloading 1785 Unused Serialized files (Serialized files now loaded: 0)
System memory in use before: 83.8 MB.
System memory in use after: 83.8 MB.

Unloading 12 unused Assets to reduce memory usage. Loaded Objects now: 2241.
Total: 2.097900 ms (FindLiveObjects: 0.243900 ms CreateObjectMapping: 0.067200 ms MarkObjects: 1.631800 ms  DeleteObjects: 0.152200 ms)

========================================================================
Received Import Request.
  Time since last request: 364.339151 seconds.
  path: Assets/Vadim.cs
  artifactKey: Guid(1c157e763516a114fbf9716a44b80506) Importer(815301076,1909f56bfc062723c751e8b465ee728b)
Start importing Assets/Vadim.cs using Guid(1c157e763516a114fbf9716a44b80506) Importer(815301076,1909f56bfc062723c751e8b465ee728b)  -> (artifact id: '498edc023b711a92ccbfcde1046f49bf') in 0.004376 seconds
  Import took 0.008636 seconds .

========================================================================
Received Prepare
Registering precompiled user dll's ...
Registered in 0.000729 seconds.
Begin MonoManager ReloadAssembly
Native extension for WindowsStandalone target not found
Refreshing native plugins compatible for Editor in 0.32 ms, found 1 plugins.
Preloading 0 native plugins for Editor in 0.00 ms.
Invoked RoslynAnalysisRunner static constructor.
RoslynAnalysisRunner will not be running.
RoslynAnalysisRunner has terminated.
Mono: successfully reloaded assembly
- Completed reload, in  0.890 seconds
Platform modules already initialized, skipping
Refreshing native plugins compatible for Editor in 0.38 ms, found 1 plugins.
Preloading 0 native plugins for Editor in 0.00 ms.
Unloading 1785 Unused Serialized files (Serialized files now loaded: 0)
System memory in use before: 83.9 MB.
System memory in use after: 83.9 MB.

Unloading 12 unused Assets to reduce memory usage. Loaded Objects now: 2244.
Total: 2.059100 ms (FindLiveObjects: 0.194100 ms CreateObjectMapping: 0.097800 ms MarkObjects: 1.627200 ms  DeleteObjects: 0.138900 ms)

========================================================================
Received Import Request.
  Time since last request: 67.916121 seconds.
  path: Assets/Vadim.cs
  artifactKey: Guid(1c157e763516a114fbf9716a44b80506) Importer(815301076,1909f56bfc062723c751e8b465ee728b)
Start importing Assets/Vadim.cs using Guid(1c157e763516a114fbf9716a44b80506) Importer(815301076,1909f56bfc062723c751e8b465ee728b)  -> (artifact id: '7ec703d4db1a95fce0f774c6274243fa') in 0.005062 seconds
  Import took 0.009653 seconds .

========================================================================
Received Prepare
Registering precompiled user dll's ...
Registered in 0.000735 seconds.
Begin MonoManager ReloadAssembly
Native extension for WindowsStandalone target not found
Refreshing native plugins compatible for Editor in 0.33 ms, found 1 plugins.
Preloading 0 native plugins for Editor in 0.00 ms.
Invoked RoslynAnalysisRunner static constructor.
RoslynAnalysisRunner will not be running.
RoslynAnalysisRunner has terminated.
Mono: successfully reloaded assembly
- Completed reload, in  0.887 seconds
Platform modules already initialized, skipping
Refreshing native plugins compatible for Editor in 0.34 ms, found 1 plugins.
Preloading 0 native plugins for Editor in 0.00 ms.
Unloading 1785 Unused Serialized files (Serialized files now loaded: 0)
System memory in use before: 84.0 MB.
System memory in use after: 84.0 MB.

Unloading 12 unused Assets to reduce memory usage. Loaded Objects now: 2247.
Total: 3.187000 ms (FindLiveObjects: 0.426000 ms CreateObjectMapping: 0.118600 ms MarkObjects: 2.431700 ms  DeleteObjects: 0.209700 ms)

========================================================================
Received Import Request.
  Time since last request: 9.906967 seconds.
  path: Assets/Vadim.cs
  artifactKey: Guid(1c157e763516a114fbf9716a44b80506) Importer(815301076,1909f56bfc062723c751e8b465ee728b)
Start importing Assets/Vadim.cs using Guid(1c157e763516a114fbf9716a44b80506) Importer(815301076,1909f56bfc062723c751e8b465ee728b)  -> (artifact id: '5c641e9c4f5aa8eed89f34bdaf598119') in 0.005044 seconds
  Import took 0.134646 seconds .

========================================================================
Received Prepare
Registering precompiled user dll's ...
Registered in 0.001102 seconds.
Begin MonoManager ReloadAssembly
Native extension for WindowsStandalone target not found
Refreshing native plugins compatible for Editor in 0.34 ms, found 1 plugins.
Preloading 0 native plugins for Editor in 0.00 ms.
Invoked RoslynAnalysisRunner static constructor.
RoslynAnalysisRunner will not be running.
RoslynAnalysisRunner has terminated.
Mono: successfully reloaded assembly
- Completed reload, in  0.849 seconds
Platform modules already initialized, skipping
Refreshing native plugins compatible for Editor in 0.32 ms, found 1 plugins.
Preloading 0 native plugins for Editor in 0.00 ms.
Unloading 1785 Unused Serialized files (Serialized files now loaded: 0)
System memory in use before: 84.0 MB.
System memory in use after: 84.0 MB.

Unloading 12 unused Assets to reduce memory usage. Loaded Objects now: 2250.
Total: 2.214200 ms (FindLiveObjects: 0.190900 ms CreateObjectMapping: 0.061400 ms MarkObjects: 1.831700 ms  DeleteObjects: 0.129300 ms)

========================================================================
Received Prepare
Registering precompiled user dll's ...
Registered in 0.000752 seconds.
Begin MonoManager ReloadAssembly
Native extension for WindowsStandalone target not found
Refreshing native plugins compatible for Editor in 0.69 ms, found 1 plugins.
Preloading 0 native plugins for Editor in 0.00 ms.
Invoked RoslynAnalysisRunner static constructor.
RoslynAnalysisRunner will not be running.
RoslynAnalysisRunner has terminated.
Mono: successfully reloaded assembly
- Completed reload, in  0.940 seconds
Platform modules already initialized, skipping
Refreshing native plugins compatible for Editor in 0.34 ms, found 1 plugins.
Preloading 0 native plugins for Editor in 0.00 ms.
Unloading 1785 Unused Serialized files (Serialized files now loaded: 0)
System memory in use before: 84.1 MB.
System memory in use after: 84.1 MB.

Unloading 12 unused Assets to reduce memory usage. Loaded Objects now: 2253.
Total: 2.064300 ms (FindLiveObjects: 0.180100 ms CreateObjectMapping: 0.081100 ms MarkObjects: 1.667500 ms  DeleteObjects: 0.134700 ms)

========================================================================
Received Prepare
Registering precompiled user dll's ...
Registered in 0.000848 seconds.
Begin MonoManager ReloadAssembly
Native extension for WindowsStandalone target not found
Refreshing native plugins compatible for Editor in 0.33 ms, found 1 plugins.
Preloading 0 native plugins for Editor in 0.00 ms.
Invoked RoslynAnalysisRunner static constructor.
RoslynAnalysisRunner will not be running.
RoslynAnalysisRunner has terminated.
Mono: successfully reloaded assembly
- Completed reload, in  0.871 seconds
Platform modules already initialized, skipping
Refreshing native plugins compatible for Editor in 0.36 ms, found 1 plugins.
Preloading 0 native plugins for Editor in 0.00 ms.
Unloading 1785 Unused Serialized files (Serialized files now loaded: 0)
System memory in use before: 84.2 MB.
System memory in use after: 84.2 MB.

Unloading 12 unused Assets to reduce memory usage. Loaded Objects now: 2256.
Total: 2.545500 ms (FindLiveObjects: 0.240300 ms CreateObjectMapping: 0.078200 ms MarkObjects: 2.112500 ms  DeleteObjects: 0.113300 ms)

========================================================================
Received Prepare
Registering precompiled user dll's ...
Registered in 0.000812 seconds.
Begin MonoManager ReloadAssembly
Native extension for WindowsStandalone target not found
Refreshing native plugins compatible for Editor in 0.33 ms, found 1 plugins.
Preloading 0 native plugins for Editor in 0.00 ms.
Invoked RoslynAnalysisRunner static constructor.
RoslynAnalysisRunner will not be running.
RoslynAnalysisRunner has terminated.
Mono: successfully reloaded assembly
- Completed reload, in  0.865 seconds
Platform modules already initialized, skipping
Refreshing native plugins compatible for Editor in 0.33 ms, found 1 plugins.
Preloading 0 native plugins for Editor in 0.00 ms.
Unloading 1785 Unused Serialized files (Serialized files now loaded: 0)
System memory in use before: 84.2 MB.
System memory in use after: 84.2 MB.

Unloading 12 unused Assets to reduce memory usage. Loaded Objects now: 2259.
Total: 2.222900 ms (FindLiveObjects: 0.199800 ms CreateObjectMapping: 0.067000 ms MarkObjects: 1.860000 ms  DeleteObjects: 0.095100 ms)

========================================================================
Received Import Request.
  Time since last request: 133.455179 seconds.
  path: Assets/Scripts
  artifactKey: Guid(672a3c7f6e50eb94ab5867e9f256ff2d) Importer(815301076,1909f56bfc062723c751e8b465ee728b)
Start importing Assets/Scripts using Guid(672a3c7f6e50eb94ab5867e9f256ff2d) Importer(815301076,1909f56bfc062723c751e8b465ee728b)  -> (artifact id: 'f2621ec23d947af002a8973675acaf08') in 0.008177 seconds
  Import took 0.105625 seconds .

========================================================================
Received Import Request.
  Time since last request: 0.275957 seconds.
  path: Assets/Vadim.cs
  artifactKey: Guid(1c157e763516a114fbf9716a44b80506) Importer(815301076,1909f56bfc062723c751e8b465ee728b)
Start importing Assets/Vadim.cs using Guid(1c157e763516a114fbf9716a44b80506) Importer(815301076,1909f56bfc062723c751e8b465ee728b)  -> (artifact id: 'de498e51ad9efcb9b6445a1a7343f4e4') in 0.002622 seconds
  Import took 0.006648 seconds .

========================================================================
Received Prepare
Registering precompiled user dll's ...
Registered in 0.000699 seconds.
Begin MonoManager ReloadAssembly
Native extension for WindowsStandalone target not found
Refreshing native plugins compatible for Editor in 0.34 ms, found 1 plugins.
Preloading 0 native plugins for Editor in 0.00 ms.
Invoked RoslynAnalysisRunner static constructor.
RoslynAnalysisRunner will not be running.
RoslynAnalysisRunner has terminated.
Mono: successfully reloaded assembly
- Completed reload, in  0.929 seconds
Platform modules already initialized, skipping
Refreshing native plugins compatible for Editor in 0.33 ms, found 1 plugins.
Preloading 0 native plugins for Editor in 0.00 ms.
Unloading 1785 Unused Serialized files (Serialized files now loaded: 0)
System memory in use before: 84.3 MB.
System memory in use after: 84.3 MB.

Unloading 12 unused Assets to reduce memory usage. Loaded Objects now: 2262.
Total: 2.044700 ms (FindLiveObjects: 0.172000 ms CreateObjectMapping: 0.064300 ms MarkObjects: 1.673600 ms  DeleteObjects: 0.134000 ms)

========================================================================
Received Import Request.
  Time since last request: 15.445694 seconds.
  path: Assets/Prefabs
  artifactKey: Guid(93aa7657f0a4523419652b9b900c7409) Importer(815301076,1909f56bfc062723c751e8b465ee728b)
Start importing Assets/Prefabs using Guid(93aa7657f0a4523419652b9b900c7409) Importer(815301076,1909f56bfc062723c751e8b465ee728b)  -> (artifact id: '80ae68827d0c9e622eb9ebc4776f1a6b') in 0.011348 seconds
  Import took 0.036747 seconds .

========================================================================
Received Import Request.
  Time since last request: 2.556165 seconds.
  path: Assets/Prefabs/Vadim.prefab
  artifactKey: Guid(af88fa6db1aff0e44b8570bbe0ca1e68) Importer(815301076,1909f56bfc062723c751e8b465ee728b)
Start importing Assets/Prefabs/Vadim.prefab using Guid(af88fa6db1aff0e44b8570bbe0ca1e68) Importer(815301076,1909f56bfc062723c751e8b465ee728b)  -> (artifact id: '6efe1d8a0183e62508c4cfe2679ee1f3') in 0.345494 seconds
  Import took 0.348577 seconds .

========================================================================
Received Import Request.
  Time since last request: 19.100853 seconds.
  path: Assets/Prefabs/Scuipat.png
  artifactKey: Guid(75c322899fc7874439d7d51477e712c7) Importer(815301076,1909f56bfc062723c751e8b465ee728b)
Start importing Assets/Prefabs/Scuipat.png using Guid(75c322899fc7874439d7d51477e712c7) Importer(815301076,1909f56bfc062723c751e8b465ee728b)  -> (artifact id: '1f67f84df900a66197ac5d926b18ebb7') in 0.146892 seconds
  Import took 0.150945 seconds .

========================================================================
Received Prepare
Registering precompiled user dll's ...
Registered in 0.000808 seconds.
Begin MonoManager ReloadAssembly
Native extension for WindowsStandalone target not found
Refreshing native plugins compatible for Editor in 0.34 ms, found 1 plugins.
Preloading 0 native plugins for Editor in 0.00 ms.
Invoked RoslynAnalysisRunner static constructor.
RoslynAnalysisRunner will not be running.
RoslynAnalysisRunner has terminated.
Mono: successfully reloaded assembly
- Completed reload, in  0.889 seconds
Platform modules already initialized, skipping
Refreshing native plugins compatible for Editor in 0.33 ms, found 1 plugins.
Preloading 0 native plugins for Editor in 0.00 ms.
Unloading 1785 Unused Serialized files (Serialized files now loaded: 0)
System memory in use before: 87.5 MB.
System memory in use after: 87.5 MB.

Unloading 12 unused Assets to reduce memory usage. Loaded Objects now: 2274.
Total: 2.725000 ms (FindLiveObjects: 0.337400 ms CreateObjectMapping: 0.161200 ms MarkObjects: 2.095200 ms  DeleteObjects: 0.129800 ms)

========================================================================
Received Import Request.
  Time since last request: 524.659523 seconds.
  path: Assets/Prefabs/Scuipat.prefab
  artifactKey: Guid(d273f3351af78204588515c8e4d300e6) Importer(815301076,1909f56bfc062723c751e8b465ee728b)
Start importing Assets/Prefabs/Scuipat.prefab using Guid(d273f3351af78204588515c8e4d300e6) Importer(815301076,1909f56bfc062723c751e8b465ee728b)  -> (artifact id: '37489fb54e76434bd4653c47a0fc00c3') in 0.071457 seconds
  Import took 0.135120 seconds .

========================================================================
Received Import Request.
  Time since last request: 49.356459 seconds.
  path: Assets/Prefabs/Vadim.prefab
  artifactKey: Guid(af88fa6db1aff0e44b8570bbe0ca1e68) Importer(815301076,1909f56bfc062723c751e8b465ee728b)
Start importing Assets/Prefabs/Vadim.prefab using Guid(af88fa6db1aff0e44b8570bbe0ca1e68) Importer(815301076,1909f56bfc062723c751e8b465ee728b)  -> (artifact id: 'a0861d9e4796e3e87f31df4364996fe5') in 0.021193 seconds
  Import took 0.101949 seconds .

========================================================================
Received Prepare
Registering precompiled user dll's ...
Registered in 0.000812 seconds.
Begin MonoManager ReloadAssembly
Native extension for WindowsStandalone target not found
Refreshing native plugins compatible for Editor in 0.34 ms, found 1 plugins.
Preloading 0 native plugins for Editor in 0.00 ms.
Invoked RoslynAnalysisRunner static constructor.
RoslynAnalysisRunner will not be running.
RoslynAnalysisRunner has terminated.
Mono: successfully reloaded assembly
- Completed reload, in  0.883 seconds
Platform modules already initialized, skipping
Refreshing native plugins compatible for Editor in 0.33 ms, found 1 plugins.
Preloading 0 native plugins for Editor in 0.00 ms.
Unloading 1785 Unused Serialized files (Serialized files now loaded: 0)
System memory in use before: 87.5 MB.
System memory in use after: 87.5 MB.

Unloading 12 unused Assets to reduce memory usage. Loaded Objects now: 2278.
Total: 2.288500 ms (FindLiveObjects: 0.281600 ms CreateObjectMapping: 0.095800 ms MarkObjects: 1.776200 ms  DeleteObjects: 0.133700 ms)

========================================================================
Received Prepare
Registering precompiled user dll's ...
Registered in 0.000724 seconds.
Begin MonoManager ReloadAssembly
Native extension for WindowsStandalone target not found
Refreshing native plugins compatible for Editor in 0.32 ms, found 1 plugins.
Preloading 0 native plugins for Editor in 0.00 ms.
Invoked RoslynAnalysisRunner static constructor.
RoslynAnalysisRunner will not be running.
RoslynAnalysisRunner has terminated.
Mono: successfully reloaded assembly
- Completed reload, in  0.853 seconds
Platform modules already initialized, skipping
Refreshing native plugins compatible for Editor in 0.32 ms, found 1 plugins.
Preloading 0 native plugins for Editor in 0.00 ms.
Unloading 1785 Unused Serialized files (Serialized files now loaded: 0)
System memory in use before: 87.6 MB.
System memory in use after: 87.6 MB.

Unloading 12 unused Assets to reduce memory usage. Loaded Objects now: 2281.
Total: 2.012500 ms (FindLiveObjects: 0.173700 ms CreateObjectMapping: 0.062800 ms MarkObjects: 1.607800 ms  DeleteObjects: 0.149800 ms)

========================================================================
Received Prepare
Registering precompiled user dll's ...
Registered in 0.000785 seconds.
Begin MonoManager ReloadAssembly
Native extension for WindowsStandalone target not found
Refreshing native plugins compatible for Editor in 0.34 ms, found 1 plugins.
Preloading 0 native plugins for Editor in 0.00 ms.
Invoked RoslynAnalysisRunner static constructor.
RoslynAnalysisRunner will not be running.
RoslynAnalysisRunner has terminated.
Mono: successfully reloaded assembly
- Completed reload, in  0.875 seconds
Platform modules already initialized, skipping
Refreshing native plugins compatible for Editor in 0.34 ms, found 1 plugins.
Preloading 0 native plugins for Editor in 0.00 ms.
Unloading 1785 Unused Serialized files (Serialized files now loaded: 0)
System memory in use before: 87.7 MB.
System memory in use after: 87.7 MB.

Unloading 12 unused Assets to reduce memory usage. Loaded Objects now: 2284.
Total: 2.326500 ms (FindLiveObjects: 0.174700 ms CreateObjectMapping: 0.071900 ms MarkObjects: 1.911300 ms  DeleteObjects: 0.167200 ms)

========================================================================
Received Prepare
Registering precompiled user dll's ...
Registered in 0.000745 seconds.
Begin MonoManager ReloadAssembly
Native extension for WindowsStandalone target not found
Refreshing native plugins compatible for Editor in 0.34 ms, found 1 plugins.
Preloading 0 native plugins for Editor in 0.00 ms.
Invoked RoslynAnalysisRunner static constructor.
RoslynAnalysisRunner will not be running.
RoslynAnalysisRunner has terminated.
Mono: successfully reloaded assembly
- Completed reload, in  0.866 seconds
Platform modules already initialized, skipping
Refreshing native plugins compatible for Editor in 0.33 ms, found 1 plugins.
Preloading 0 native plugins for Editor in 0.00 ms.
Unloading 1785 Unused Serialized files (Serialized files now loaded: 0)
System memory in use before: 87.7 MB.
System memory in use after: 87.7 MB.

Unloading 12 unused Assets to reduce memory usage. Loaded Objects now: 2287.
Total: 1.857200 ms (FindLiveObjects: 0.216700 ms CreateObjectMapping: 0.065300 ms MarkObjects: 1.478600 ms  DeleteObjects: 0.095500 ms)

========================================================================
Received Prepare
Registering precompiled user dll's ...
Registered in 0.000828 seconds.
Begin MonoManager ReloadAssembly
Native extension for WindowsStandalone target not found
Refreshing native plugins compatible for Editor in 0.37 ms, found 1 plugins.
Preloading 0 native plugins for Editor in 0.00 ms.
Invoked RoslynAnalysisRunner static constructor.
RoslynAnalysisRunner will not be running.
RoslynAnalysisRunner has terminated.
Mono: successfully reloaded assembly
- Completed reload, in  0.908 seconds
Platform modules already initialized, skipping
Refreshing native plugins compatible for Editor in 0.33 ms, found 1 plugins.
Preloading 0 native plugins for Editor in 0.00 ms.
Unloading 1785 Unused Serialized files (Serialized files now loaded: 0)
System memory in use before: 87.8 MB.
System memory in use after: 87.8 MB.

Unloading 12 unused Assets to reduce memory usage. Loaded Objects now: 2290.
Total: 2.233700 ms (FindLiveObjects: 0.206400 ms CreateObjectMapping: 0.085000 ms MarkObjects: 1.781900 ms  DeleteObjects: 0.159000 ms)

========================================================================
Received Prepare
Registering precompiled user dll's ...
Registered in 0.001140 seconds.
Begin MonoManager ReloadAssembly
Native extension for WindowsStandalone target not found
Refreshing native plugins compatible for Editor in 0.37 ms, found 1 plugins.
Preloading 0 native plugins for Editor in 0.00 ms.
Invoked RoslynAnalysisRunner static constructor.
RoslynAnalysisRunner will not be running.
RoslynAnalysisRunner has terminated.
Mono: successfully reloaded assembly
- Completed reload, in  0.859 seconds
Platform modules already initialized, skipping
Refreshing native plugins compatible for Editor in 0.32 ms, found 1 plugins.
Preloading 0 native plugins for Editor in 0.00 ms.
Unloading 1785 Unused Serialized files (Serialized files now loaded: 0)
System memory in use before: 87.9 MB.
System memory in use after: 87.9 MB.

Unloading 12 unused Assets to reduce memory usage. Loaded Objects now: 2293.
Total: 2.354800 ms (FindLiveObjects: 0.238600 ms CreateObjectMapping: 0.066200 ms MarkObjects: 1.897100 ms  DeleteObjects: 0.150500 ms)

========================================================================
Received Prepare
Registering precompiled user dll's ...
Registered in 0.000762 seconds.
Begin MonoManager ReloadAssembly
Native extension for WindowsStandalone target not found
Refreshing native plugins compatible for Editor in 0.33 ms, found 1 plugins.
Preloading 0 native plugins for Editor in 0.00 ms.
Invoked RoslynAnalysisRunner static constructor.
RoslynAnalysisRunner will not be running.
RoslynAnalysisRunner has terminated.
Mono: successfully reloaded assembly
- Completed reload, in  0.868 seconds
Platform modules already initialized, skipping
Refreshing native plugins compatible for Editor in 0.36 ms, found 1 plugins.
Preloading 0 native plugins for Editor in 0.00 ms.
Unloading 1785 Unused Serialized files (Serialized files now loaded: 0)
System memory in use before: 87.9 MB.
System memory in use after: 87.9 MB.

Unloading 12 unused Assets to reduce memory usage. Loaded Objects now: 2296.
Total: 2.480400 ms (FindLiveObjects: 0.228100 ms CreateObjectMapping: 0.090800 ms MarkObjects: 2.020100 ms  DeleteObjects: 0.140000 ms)

========================================================================
Received Prepare
Registering precompiled user dll's ...
Registered in 0.000769 seconds.
Begin MonoManager ReloadAssembly
Native extension for WindowsStandalone target not found
Refreshing native plugins compatible for Editor in 0.43 ms, found 1 plugins.
Preloading 0 native plugins for Editor in 0.00 ms.
Invoked RoslynAnalysisRunner static constructor.
RoslynAnalysisRunner will not be running.
RoslynAnalysisRunner has terminated.
Mono: successfully reloaded assembly
- Completed reload, in  1.027 seconds
Platform modules already initialized, skipping
Refreshing native plugins compatible for Editor in 0.32 ms, found 1 plugins.
Preloading 0 native plugins for Editor in 0.00 ms.
Unloading 1785 Unused Serialized files (Serialized files now loaded: 0)
System memory in use before: 88.0 MB.
System memory in use after: 88.0 MB.

Unloading 12 unused Assets to reduce memory usage. Loaded Objects now: 2299.
Total: 2.402600 ms (FindLiveObjects: 0.179900 ms CreateObjectMapping: 0.065000 ms MarkObjects: 1.986200 ms  DeleteObjects: 0.170400 ms)

========================================================================
Received Import Request.
  Time since last request: 255.775715 seconds.
  path: Assets/Prefabs/Scuipat.prefab
  artifactKey: Guid(d273f3351af78204588515c8e4d300e6) Importer(815301076,1909f56bfc062723c751e8b465ee728b)
Start importing Assets/Prefabs/Scuipat.prefab using Guid(d273f3351af78204588515c8e4d300e6) Importer(815301076,1909f56bfc062723c751e8b465ee728b)  -> (artifact id: '27a620d6e7c8852be326a95753a28766') in 0.057957 seconds
  Import took 0.061143 seconds .

========================================================================
Received Import Request.
  Time since last request: 18.058143 seconds.
  path: Assets/Prefabs/Scuipat.prefab
  artifactKey: Guid(d273f3351af78204588515c8e4d300e6) Importer(815301076,1909f56bfc062723c751e8b465ee728b)
Start importing Assets/Prefabs/Scuipat.prefab using Guid(d273f3351af78204588515c8e4d300e6) Importer(815301076,1909f56bfc062723c751e8b465ee728b)  -> (artifact id: '8c860d27f51e7fe23a36d84e01c24536') in 0.012797 seconds
  Import took 0.077517 seconds .

========================================================================
Received Import Request.
  Time since last request: 3.979178 seconds.
  path: Assets/Prefabs/Vadim.prefab
  artifactKey: Guid(af88fa6db1aff0e44b8570bbe0ca1e68) Importer(815301076,1909f56bfc062723c751e8b465ee728b)
Start importing Assets/Prefabs/Vadim.prefab using Guid(af88fa6db1aff0e44b8570bbe0ca1e68) Importer(815301076,1909f56bfc062723c751e8b465ee728b)  -> (artifact id: '7df05872d30457de4d4335c1bbce34c9') in 0.010507 seconds
  Import took 0.030357 seconds .

========================================================================
Received Prepare
Registering precompiled user dll's ...
Registered in 0.000887 seconds.
Begin MonoManager ReloadAssembly
Native extension for WindowsStandalone target not found
Refreshing native plugins compatible for Editor in 0.32 ms, found 1 plugins.
Preloading 0 native plugins for Editor in 0.00 ms.
Invoked RoslynAnalysisRunner static constructor.
RoslynAnalysisRunner will not be running.
RoslynAnalysisRunner has terminated.
Mono: successfully reloaded assembly
- Completed reload, in  0.864 seconds
Platform modules already initialized, skipping
Refreshing native plugins compatible for Editor in 0.39 ms, found 1 plugins.
Preloading 0 native plugins for Editor in 0.00 ms.
Unloading 1785 Unused Serialized files (Serialized files now loaded: 0)
System memory in use before: 88.1 MB.
System memory in use after: 88.1 MB.

Unloading 12 unused Assets to reduce memory usage. Loaded Objects now: 2303.
Total: 2.147400 ms (FindLiveObjects: 0.249000 ms CreateObjectMapping: 0.077100 ms MarkObjects: 1.654900 ms  DeleteObjects: 0.165500 ms)

========================================================================
Received Prepare
Registering precompiled user dll's ...
Registered in 0.000976 seconds.
Begin MonoManager ReloadAssembly
Native extension for WindowsStandalone target not found
Refreshing native plugins compatible for Editor in 0.38 ms, found 1 plugins.
Preloading 0 native plugins for Editor in 0.00 ms.
Invoked RoslynAnalysisRunner static constructor.
RoslynAnalysisRunner will not be running.
RoslynAnalysisRunner has terminated.
Mono: successfully reloaded assembly
- Completed reload, in  0.888 seconds
Platform modules already initialized, skipping
Refreshing native plugins compatible for Editor in 0.33 ms, found 1 plugins.
Preloading 0 native plugins for Editor in 0.00 ms.
Unloading 1785 Unused Serialized files (Serialized files now loaded: 0)
System memory in use before: 88.1 MB.
System memory in use after: 88.1 MB.

Unloading 12 unused Assets to reduce memory usage. Loaded Objects now: 2306.
Total: 2.641200 ms (FindLiveObjects: 0.196700 ms CreateObjectMapping: 0.074800 ms MarkObjects: 2.212400 ms  DeleteObjects: 0.156100 ms)

========================================================================
Received Prepare
Registering precompiled user dll's ...
Registered in 0.000799 seconds.
Begin MonoManager ReloadAssembly
Native extension for WindowsStandalone target not found
Refreshing native plugins compatible for Editor in 0.50 ms, found 1 plugins.
Preloading 0 native plugins for Editor in 0.00 ms.
Invoked RoslynAnalysisRunner static constructor.
RoslynAnalysisRunner will not be running.
RoslynAnalysisRunner has terminated.
Mono: successfully reloaded assembly
- Completed reload, in  1.005 seconds
Platform modules already initialized, skipping
Refreshing native plugins compatible for Editor in 0.42 ms, found 1 plugins.
Preloading 0 native plugins for Editor in 0.00 ms.
Unloading 1785 Unused Serialized files (Serialized files now loaded: 0)
System memory in use before: 88.2 MB.
System memory in use after: 88.2 MB.

Unloading 12 unused Assets to reduce memory usage. Loaded Objects now: 2309.
Total: 2.366800 ms (FindLiveObjects: 0.195400 ms CreateObjectMapping: 0.067200 ms MarkObjects: 1.944300 ms  DeleteObjects: 0.159100 ms)

========================================================================
Received Prepare
Registering precompiled user dll's ...
Registered in 0.000716 seconds.
Begin MonoManager ReloadAssembly
Native extension for WindowsStandalone target not found
Refreshing native plugins compatible for Editor in 0.34 ms, found 1 plugins.
Preloading 0 native plugins for Editor in 0.00 ms.
Invoked RoslynAnalysisRunner static constructor.
RoslynAnalysisRunner will not be running.
RoslynAnalysisRunner has terminated.
Mono: successfully reloaded assembly
- Completed reload, in  0.862 seconds
Platform modules already initialized, skipping
Refreshing native plugins compatible for Editor in 0.38 ms, found 1 plugins.
Preloading 0 native plugins for Editor in 0.00 ms.
Unloading 1785 Unused Serialized files (Serialized files now loaded: 0)
System memory in use before: 88.3 MB.
System memory in use after: 88.3 MB.

Unloading 12 unused Assets to reduce memory usage. Loaded Objects now: 2312.
Total: 2.726600 ms (FindLiveObjects: 0.411300 ms CreateObjectMapping: 0.125500 ms MarkObjects: 2.014800 ms  DeleteObjects: 0.173900 ms)

========================================================================
Received Import Request.
  Time since last request: 147.564192 seconds.
  path: Assets/Prefabs/Scuipat.prefab
  artifactKey: Guid(d273f3351af78204588515c8e4d300e6) Importer(815301076,1909f56bfc062723c751e8b465ee728b)
Start importing Assets/Prefabs/Scuipat.prefab using Guid(d273f3351af78204588515c8e4d300e6) Importer(815301076,1909f56bfc062723c751e8b465ee728b)  -> (artifact id: '33e15e5bf2db4bb651ea1874bdfa7297') in 0.060121 seconds
  Import took 0.099994 seconds .

========================================================================
Received Prepare
Registering precompiled user dll's ...
Registered in 0.000752 seconds.
Begin MonoManager ReloadAssembly
Native extension for WindowsStandalone target not found
Refreshing native plugins compatible for Editor in 0.32 ms, found 1 plugins.
Preloading 0 native plugins for Editor in 0.00 ms.
Invoked RoslynAnalysisRunner static constructor.
RoslynAnalysisRunner will not be running.
RoslynAnalysisRunner has terminated.
Mono: successfully reloaded assembly
- Completed reload, in  0.859 seconds
Platform modules already initialized, skipping
Refreshing native plugins compatible for Editor in 0.37 ms, found 1 plugins.
Preloading 0 native plugins for Editor in 0.00 ms.
Unloading 1785 Unused Serialized files (Serialized files now loaded: 0)
System memory in use before: 88.3 MB.
System memory in use after: 88.3 MB.

Unloading 12 unused Assets to reduce memory usage. Loaded Objects now: 2316.
Total: 2.296800 ms (FindLiveObjects: 0.268200 ms CreateObjectMapping: 0.076700 ms MarkObjects: 1.795300 ms  DeleteObjects: 0.155400 ms)

========================================================================
Received Prepare
Registering precompiled user dll's ...
Registered in 0.000949 seconds.
Begin MonoManager ReloadAssembly
Native extension for WindowsStandalone target not found
Refreshing native plugins compatible for Editor in 0.34 ms, found 1 plugins.
Preloading 0 native plugins for Editor in 0.00 ms.
Invoked RoslynAnalysisRunner static constructor.
RoslynAnalysisRunner will not be running.
RoslynAnalysisRunner has terminated.
Mono: successfully reloaded assembly
- Completed reload, in  0.999 seconds
Platform modules already initialized, skipping
Refreshing native plugins compatible for Editor in 0.32 ms, found 1 plugins.
Preloading 0 native plugins for Editor in 0.00 ms.
Unloading 1785 Unused Serialized files (Serialized files now loaded: 0)
System memory in use before: 88.4 MB.
System memory in use after: 88.4 MB.

Unloading 12 unused Assets to reduce memory usage. Loaded Objects now: 2319.
Total: 2.516400 ms (FindLiveObjects: 0.346900 ms CreateObjectMapping: 0.117800 ms MarkObjects: 1.901000 ms  DeleteObjects: 0.149900 ms)

========================================================================
Received Prepare
Registering precompiled user dll's ...
Registered in 0.000721 seconds.
Begin MonoManager ReloadAssembly
Native extension for WindowsStandalone target not found
Refreshing native plugins compatible for Editor in 0.32 ms, found 1 plugins.
Preloading 0 native plugins for Editor in 0.00 ms.
Invoked RoslynAnalysisRunner static constructor.
RoslynAnalysisRunner will not be running.
RoslynAnalysisRunner has terminated.
Mono: successfully reloaded assembly
- Completed reload, in  0.850 seconds
Platform modules already initialized, skipping
Refreshing native plugins compatible for Editor in 0.34 ms, found 1 plugins.
Preloading 0 native plugins for Editor in 0.00 ms.
Unloading 1785 Unused Serialized files (Serialized files now loaded: 0)
System memory in use before: 88.5 MB.
System memory in use after: 88.5 MB.

Unloading 12 unused Assets to reduce memory usage. Loaded Objects now: 2322.
Total: 2.334400 ms (FindLiveObjects: 0.220400 ms CreateObjectMapping: 0.072000 ms MarkObjects: 1.885100 ms  DeleteObjects: 0.132200 ms)

========================================================================
Received Prepare
Registering precompiled user dll's ...
Registered in 0.000758 seconds.
Begin MonoManager ReloadAssembly
Native extension for WindowsStandalone target not found
Refreshing native plugins compatible for Editor in 0.67 ms, found 1 plugins.
Preloading 0 native plugins for Editor in 0.00 ms.
Invoked RoslynAnalysisRunner static constructor.
RoslynAnalysisRunner will not be running.
RoslynAnalysisRunner has terminated.
Mono: successfully reloaded assembly
- Completed reload, in  0.915 seconds
Platform modules already initialized, skipping
Refreshing native plugins compatible for Editor in 0.33 ms, found 1 plugins.
Preloading 0 native plugins for Editor in 0.00 ms.
Unloading 1785 Unused Serialized files (Serialized files now loaded: 0)
System memory in use before: 88.5 MB.
System memory in use after: 88.5 MB.

Unloading 12 unused Assets to reduce memory usage. Loaded Objects now: 2325.
Total: 2.975100 ms (FindLiveObjects: 0.277500 ms CreateObjectMapping: 0.066800 ms MarkObjects: 2.434400 ms  DeleteObjects: 0.195300 ms)

========================================================================
Received Prepare
Registering precompiled user dll's ...
Registered in 0.000814 seconds.
Begin MonoManager ReloadAssembly
Native extension for WindowsStandalone target not found
Refreshing native plugins compatible for Editor in 0.36 ms, found 1 plugins.
Preloading 0 native plugins for Editor in 0.00 ms.
Invoked RoslynAnalysisRunner static constructor.
RoslynAnalysisRunner will not be running.
RoslynAnalysisRunner has terminated.
Mono: successfully reloaded assembly
- Completed reload, in  0.871 seconds
Platform modules already initialized, skipping
Refreshing native plugins compatible for Editor in 0.47 ms, found 1 plugins.
Preloading 0 native plugins for Editor in 0.00 ms.
Unloading 1785 Unused Serialized files (Serialized files now loaded: 0)
System memory in use before: 88.6 MB.
System memory in use after: 88.6 MB.

Unloading 12 unused Assets to reduce memory usage. Loaded Objects now: 2328.
Total: 2.274000 ms (FindLiveObjects: 0.284500 ms CreateObjectMapping: 0.083100 ms MarkObjects: 1.754200 ms  DeleteObjects: 0.151100 ms)

========================================================================
Received Prepare
Registering precompiled user dll's ...
Registered in 0.000739 seconds.
Begin MonoManager ReloadAssembly
Native extension for WindowsStandalone target not found
Refreshing native plugins compatible for Editor in 0.36 ms, found 1 plugins.
Preloading 0 native plugins for Editor in 0.00 ms.
Invoked RoslynAnalysisRunner static constructor.
RoslynAnalysisRunner will not be running.
RoslynAnalysisRunner has terminated.
Mono: successfully reloaded assembly
- Completed reload, in  0.964 seconds
Platform modules already initialized, skipping
Refreshing native plugins compatible for Editor in 0.37 ms, found 1 plugins.
Preloading 0 native plugins for Editor in 0.00 ms.
Unloading 1785 Unused Serialized files (Serialized files now loaded: 0)
System memory in use before: 88.7 MB.
System memory in use after: 88.7 MB.

Unloading 12 unused Assets to reduce memory usage. Loaded Objects now: 2331.
Total: 2.332900 ms (FindLiveObjects: 0.343300 ms CreateObjectMapping: 0.094700 ms MarkObjects: 1.737600 ms  DeleteObjects: 0.156200 ms)

========================================================================
Received Prepare
Registering precompiled user dll's ...
Registered in 0.000726 seconds.
Begin MonoManager ReloadAssembly
Native extension for WindowsStandalone target not found
Refreshing native plugins compatible for Editor in 0.33 ms, found 1 plugins.
Preloading 0 native plugins for Editor in 0.00 ms.
Invoked RoslynAnalysisRunner static constructor.
RoslynAnalysisRunner will not be running.
RoslynAnalysisRunner has terminated.
Mono: successfully reloaded assembly
- Completed reload, in  0.909 seconds
Platform modules already initialized, skipping
Refreshing native plugins compatible for Editor in 0.35 ms, found 1 plugins.
Preloading 0 native plugins for Editor in 0.00 ms.
Unloading 1785 Unused Serialized files (Serialized files now loaded: 0)
System memory in use before: 88.7 MB.
System memory in use after: 88.7 MB.

Unloading 12 unused Assets to reduce memory usage. Loaded Objects now: 2334.
Total: 2.497000 ms (FindLiveObjects: 0.200000 ms CreateObjectMapping: 0.065400 ms MarkObjects: 2.058600 ms  DeleteObjects: 0.172300 ms)

========================================================================
Received Prepare
Registering precompiled user dll's ...
Registered in 0.000861 seconds.
Begin MonoManager ReloadAssembly
Native extension for WindowsStandalone target not found
Refreshing native plugins compatible for Editor in 0.39 ms, found 1 plugins.
Preloading 0 native plugins for Editor in 0.00 ms.
Invoked RoslynAnalysisRunner static constructor.
RoslynAnalysisRunner will not be running.
RoslynAnalysisRunner has terminated.
Mono: successfully reloaded assembly
- Completed reload, in  0.919 seconds
Platform modules already initialized, skipping
Refreshing native plugins compatible for Editor in 0.63 ms, found 1 plugins.
Preloading 0 native plugins for Editor in 0.00 ms.
Unloading 1785 Unused Serialized files (Serialized files now loaded: 0)
System memory in use before: 88.8 MB.
System memory in use after: 88.8 MB.

Unloading 12 unused Assets to reduce memory usage. Loaded Objects now: 2337.
Total: 3.460800 ms (FindLiveObjects: 0.327000 ms CreateObjectMapping: 0.180300 ms MarkObjects: 2.805000 ms  DeleteObjects: 0.146600 ms)

========================================================================
Received Prepare
Registering precompiled user dll's ...
Registered in 0.000729 seconds.
Begin MonoManager ReloadAssembly
Native extension for WindowsStandalone target not found
Refreshing native plugins compatible for Editor in 0.37 ms, found 1 plugins.
Preloading 0 native plugins for Editor in 0.00 ms.
Invoked RoslynAnalysisRunner static constructor.
RoslynAnalysisRunner will not be running.
RoslynAnalysisRunner has terminated.
Mono: successfully reloaded assembly
- Completed reload, in  0.897 seconds
Platform modules already initialized, skipping
Refreshing native plugins compatible for Editor in 0.34 ms, found 1 plugins.
Preloading 0 native plugins for Editor in 0.00 ms.
Unloading 1785 Unused Serialized files (Serialized files now loaded: 0)
System memory in use before: 88.9 MB.
System memory in use after: 88.9 MB.

Unloading 12 unused Assets to reduce memory usage. Loaded Objects now: 2340.
Total: 2.876400 ms (FindLiveObjects: 0.197000 ms CreateObjectMapping: 0.076400 ms MarkObjects: 2.323300 ms  DeleteObjects: 0.278900 ms)

AssetImportWorkerClient::OnTransportError - code=2 error=End of file
